app/build/intermediates/manifest_merge_blame_file/debug/processDebugMainManifest/manifest-merger-blame-debug-report.txt
1<?xml version="1.0" encoding="utf-8"?>
2<manifest xmlns:android="http://schemas.android.com/apk/res/android"
3    package="com.example.challengeme"
4    android:versionCode="1"
5    android:versionName="1.0" >
6
7    <uses-sdk
8        android:minSdkVersion="24"
9        android:targetSdkVersion="35" />
10
11    <uses-permission android:name="android.permission.INTERNET" />
11-->[com.google.firebase:firebase-auth:23.1.0] AndroidManifest.xml:25:5-67
11-->[com.google.firebase:firebase-auth:23.1.0] AndroidManifest.xml:25:22-64
12    <uses-permission android:name="android.permission.ACCESS_NETWORK_STATE" />
12-->[com.google.firebase:firebase-auth:23.1.0] AndroidManifest.xml:26:5-79
12-->[com.google.firebase:firebase-auth:23.1.0] AndroidManifest.xml:26:22-76
13    <uses-permission android:name="com.google.android.providers.gsf.permission.READ_GSERVICES" />
13-->[com.google.android.recaptcha:recaptcha:18.5.1] AndroidManifest.xml:9:5-98
13-->[com.google.android.recaptcha:recaptcha:18.5.1] AndroidManifest.xml:9:22-95
14
15    <permission
15-->[androidx.core:core:1.15.0] AndroidManifest.xml:22:5-24:47
16        android:name="com.example.challengeme.DYNAMIC_RECEIVER_NOT_EXPORTED_PERMISSION"
16-->[androidx.core:core:1.15.0] AndroidManifest.xml:23:9-81
17        android:protectionLevel="signature" />
17-->[androidx.core:core:1.15.0] AndroidManifest.xml:24:9-44
18
19    <uses-permission android:name="com.example.challengeme.DYNAMIC_RECEIVER_NOT_EXPORTED_PERMISSION" />
19-->[androidx.core:core:1.15.0] AndroidManifest.xml:26:5-97
19-->[androidx.core:core:1.15.0] AndroidManifest.xml:26:22-94
20
21    <application
21-->src\main\AndroidManifest.xml:5:5-26:19
22        android:allowBackup="true"
22-->src\main\AndroidManifest.xml:6:9-35
23        android:appComponentFactory="androidx.core.app.CoreComponentFactory"
23-->[androidx.core:core:1.15.0] AndroidManifest.xml:28:18-86
24        android:dataExtractionRules="@xml/data_extraction_rules"
24-->src\main\AndroidManifest.xml:7:9-65
25        android:debuggable="true"
26        android:extractNativeLibs="false"
27        android:fullBackupContent="@xml/backup_rules"
27-->src\main\AndroidManifest.xml:8:9-54
28        android:icon="@mipmap/ic_launcher"
28-->src\main\AndroidManifest.xml:9:9-43
29        android:label="@string/app_name"
29-->src\main\AndroidManifest.xml:10:9-41
30        android:roundIcon="@mipmap/ic_launcher_round"
30-->src\main\AndroidManifest.xml:11:9-54
31        android:supportsRtl="true"
31-->src\main\AndroidManifest.xml:12:9-35
32        android:testOnly="true"
33        android:theme="@style/Theme.ChallengeMe" >
33-->src\main\AndroidManifest.xml:13:9-49
34        <activity
34-->src\main\AndroidManifest.xml:15:9-25:20
35            android:name="com.example.challengeme.MainActivity"
35-->src\main\AndroidManifest.xml:16:13-41
36            android:exported="true"
36-->src\main\AndroidManifest.xml:17:13-36
37            android:label="@string/app_name"
37-->src\main\AndroidManifest.xml:18:13-45
38            android:theme="@style/Theme.ChallengeMe" >
38-->src\main\AndroidManifest.xml:19:13-53
39            <intent-filter>
39-->src\main\AndroidManifest.xml:20:13-24:29
40                <action android:name="android.intent.action.MAIN" />
40-->src\main\AndroidManifest.xml:21:17-69
40-->src\main\AndroidManifest.xml:21:25-66
41
42                <category android:name="android.intent.category.LAUNCHER" />
42-->src\main\AndroidManifest.xml:23:17-77
42-->src\main\AndroidManifest.xml:23:27-74
43            </intent-filter>
44        </activity>
45
46        <service
46-->[com.google.firebase:firebase-auth-ktx:23.1.0] AndroidManifest.xml:8:9-14:19
47            android:name="com.google.firebase.components.ComponentDiscoveryService"
47-->[com.google.firebase:firebase-auth-ktx:23.1.0] AndroidManifest.xml:9:13-84
48            android:directBootAware="true"
48-->[com.google.firebase:firebase-common:21.0.0] AndroidManifest.xml:32:13-43
49            android:exported="false" >
49-->[com.google.firebase:firebase-auth-ktx:23.1.0] AndroidManifest.xml:10:13-37
50            <meta-data
50-->[com.google.firebase:firebase-auth-ktx:23.1.0] AndroidManifest.xml:11:13-13:85
51                android:name="com.google.firebase.components:com.google.firebase.auth.ktx.FirebaseAuthLegacyRegistrar"
51-->[com.google.firebase:firebase-auth-ktx:23.1.0] AndroidManifest.xml:12:17-119
52                android:value="com.google.firebase.components.ComponentRegistrar" />
52-->[com.google.firebase:firebase-auth-ktx:23.1.0] AndroidManifest.xml:13:17-82
53            <meta-data
53-->[com.google.firebase:firebase-auth:23.1.0] AndroidManifest.xml:69:13-71:85
54                android:name="com.google.firebase.components:com.google.firebase.auth.FirebaseAuthRegistrar"
54-->[com.google.firebase:firebase-auth:23.1.0] AndroidManifest.xml:70:17-109
55                android:value="com.google.firebase.components.ComponentRegistrar" />
55-->[com.google.firebase:firebase-auth:23.1.0] AndroidManifest.xml:71:17-82
56            <meta-data
56-->[com.google.firebase:firebase-firestore-ktx:25.1.1] AndroidManifest.xml:12:13-14:85
57                android:name="com.google.firebase.components:com.google.firebase.firestore.ktx.FirebaseFirestoreLegacyRegistrar"
57-->[com.google.firebase:firebase-firestore-ktx:25.1.1] AndroidManifest.xml:13:17-129
58                android:value="com.google.firebase.components.ComponentRegistrar" />
58-->[com.google.firebase:firebase-firestore-ktx:25.1.1] AndroidManifest.xml:14:17-82
59            <meta-data
59-->[com.google.firebase:firebase-firestore:25.1.1] AndroidManifest.xml:17:13-19:85
60                android:name="com.google.firebase.components:com.google.firebase.firestore.FirebaseFirestoreKtxRegistrar"
60-->[com.google.firebase:firebase-firestore:25.1.1] AndroidManifest.xml:18:17-122
61                android:value="com.google.firebase.components.ComponentRegistrar" />
61-->[com.google.firebase:firebase-firestore:25.1.1] AndroidManifest.xml:19:17-82
62            <meta-data
62-->[com.google.firebase:firebase-firestore:25.1.1] AndroidManifest.xml:20:13-22:85
63                android:name="com.google.firebase.components:com.google.firebase.firestore.FirestoreRegistrar"
63-->[com.google.firebase:firebase-firestore:25.1.1] AndroidManifest.xml:21:17-111
64                android:value="com.google.firebase.components.ComponentRegistrar" />
64-->[com.google.firebase:firebase-firestore:25.1.1] AndroidManifest.xml:22:17-82
65            <meta-data
65-->[com.google.firebase:firebase-storage-ktx:21.0.1] AndroidManifest.xml:12:13-14:85
66                android:name="com.google.firebase.components:com.google.firebase.storage.ktx.FirebaseStorageLegacyRegistrar"
66-->[com.google.firebase:firebase-storage-ktx:21.0.1] AndroidManifest.xml:13:17-125
67                android:value="com.google.firebase.components.ComponentRegistrar" />
67-->[com.google.firebase:firebase-storage-ktx:21.0.1] AndroidManifest.xml:14:17-82
68            <meta-data
68-->[com.google.firebase:firebase-storage:21.0.1] AndroidManifest.xml:30:13-32:85
69                android:name="com.google.firebase.components:com.google.firebase.storage.FirebaseStorageKtxRegistrar"
69-->[com.google.firebase:firebase-storage:21.0.1] AndroidManifest.xml:31:17-118
70                android:value="com.google.firebase.components.ComponentRegistrar" />
70-->[com.google.firebase:firebase-storage:21.0.1] AndroidManifest.xml:32:17-82
71            <meta-data
71-->[com.google.firebase:firebase-storage:21.0.1] AndroidManifest.xml:33:13-35:85
72                android:name="com.google.firebase.components:com.google.firebase.storage.StorageRegistrar"
72-->[com.google.firebase:firebase-storage:21.0.1] AndroidManifest.xml:34:17-107
73                android:value="com.google.firebase.components.ComponentRegistrar" />
73-->[com.google.firebase:firebase-storage:21.0.1] AndroidManifest.xml:35:17-82
74            <meta-data
74-->[com.google.firebase:firebase-appcheck:17.1.0] AndroidManifest.xml:25:13-27:85
75                android:name="com.google.firebase.components:com.google.firebase.appcheck.FirebaseAppCheckKtxRegistrar"
75-->[com.google.firebase:firebase-appcheck:17.1.0] AndroidManifest.xml:26:17-120
76                android:value="com.google.firebase.components.ComponentRegistrar" />
76-->[com.google.firebase:firebase-appcheck:17.1.0] AndroidManifest.xml:27:17-82
77            <meta-data
77-->[com.google.firebase:firebase-appcheck:17.1.0] AndroidManifest.xml:28:13-30:85
78                android:name="com.google.firebase.components:com.google.firebase.appcheck.FirebaseAppCheckRegistrar"
78-->[com.google.firebase:firebase-appcheck:17.1.0] AndroidManifest.xml:29:17-117
79                android:value="com.google.firebase.components.ComponentRegistrar" />
79-->[com.google.firebase:firebase-appcheck:17.1.0] AndroidManifest.xml:30:17-82
80            <meta-data
80-->[com.google.firebase:firebase-common-ktx:21.0.0] AndroidManifest.xml:12:13-14:85
81                android:name="com.google.firebase.components:com.google.firebase.ktx.FirebaseCommonLegacyRegistrar"
81-->[com.google.firebase:firebase-common-ktx:21.0.0] AndroidManifest.xml:13:17-116
82                android:value="com.google.firebase.components.ComponentRegistrar" />
82-->[com.google.firebase:firebase-common-ktx:21.0.0] AndroidManifest.xml:14:17-82
83            <meta-data
83-->[com.google.firebase:firebase-common:21.0.0] AndroidManifest.xml:35:13-37:85
84                android:name="com.google.firebase.components:com.google.firebase.FirebaseCommonKtxRegistrar"
84-->[com.google.firebase:firebase-common:21.0.0] AndroidManifest.xml:36:17-109
85                android:value="com.google.firebase.components.ComponentRegistrar" />
85-->[com.google.firebase:firebase-common:21.0.0] AndroidManifest.xml:37:17-82
86        </service>
87
88        <activity
88-->[com.google.firebase:firebase-auth:23.1.0] AndroidManifest.xml:29:9-46:20
89            android:name="com.google.firebase.auth.internal.GenericIdpActivity"
89-->[com.google.firebase:firebase-auth:23.1.0] AndroidManifest.xml:30:13-80
90            android:excludeFromRecents="true"
90-->[com.google.firebase:firebase-auth:23.1.0] AndroidManifest.xml:31:13-46
91            android:exported="true"
91-->[com.google.firebase:firebase-auth:23.1.0] AndroidManifest.xml:32:13-36
92            android:launchMode="singleTask"
92-->[com.google.firebase:firebase-auth:23.1.0] AndroidManifest.xml:33:13-44
93            android:theme="@android:style/Theme.Translucent.NoTitleBar" >
93-->[com.google.firebase:firebase-auth:23.1.0] AndroidManifest.xml:34:13-72
94            <intent-filter>
94-->[com.google.firebase:firebase-auth:23.1.0] AndroidManifest.xml:35:13-45:29
95                <action android:name="android.intent.action.VIEW" />
95-->[com.google.firebase:firebase-auth:23.1.0] AndroidManifest.xml:36:17-69
95-->[com.google.firebase:firebase-auth:23.1.0] AndroidManifest.xml:36:25-66
96
97                <category android:name="android.intent.category.DEFAULT" />
97-->[com.google.firebase:firebase-auth:23.1.0] AndroidManifest.xml:38:17-76
97-->[com.google.firebase:firebase-auth:23.1.0] AndroidManifest.xml:38:27-73
98                <category android:name="android.intent.category.BROWSABLE" />
98-->[com.google.firebase:firebase-auth:23.1.0] AndroidManifest.xml:39:17-78
98-->[com.google.firebase:firebase-auth:23.1.0] AndroidManifest.xml:39:27-75
99
100                <data
100-->[com.google.firebase:firebase-auth:23.1.0] AndroidManifest.xml:41:17-44:51
101                    android:host="firebase.auth"
101-->[com.google.firebase:firebase-auth:23.1.0] AndroidManifest.xml:42:21-49
102                    android:path="/"
102-->[com.google.firebase:firebase-auth:23.1.0] AndroidManifest.xml:43:21-37
103                    android:scheme="genericidp" />
103-->[com.google.firebase:firebase-auth:23.1.0] AndroidManifest.xml:44:21-48
104            </intent-filter>
105        </activity>
106        <activity
106-->[com.google.firebase:firebase-auth:23.1.0] AndroidManifest.xml:47:9-64:20
107            android:name="com.google.firebase.auth.internal.RecaptchaActivity"
107-->[com.google.firebase:firebase-auth:23.1.0] AndroidManifest.xml:48:13-79
108            android:excludeFromRecents="true"
108-->[com.google.firebase:firebase-auth:23.1.0] AndroidManifest.xml:49:13-46
109            android:exported="true"
109-->[com.google.firebase:firebase-auth:23.1.0] AndroidManifest.xml:50:13-36
110            android:launchMode="singleTask"
110-->[com.google.firebase:firebase-auth:23.1.0] AndroidManifest.xml:51:13-44
111            android:theme="@android:style/Theme.Translucent.NoTitleBar" >
111-->[com.google.firebase:firebase-auth:23.1.0] AndroidManifest.xml:52:13-72
112            <intent-filter>
112-->[com.google.firebase:firebase-auth:23.1.0] AndroidManifest.xml:53:13-63:29
113                <action android:name="android.intent.action.VIEW" />
113-->[com.google.firebase:firebase-auth:23.1.0] AndroidManifest.xml:36:17-69
113-->[com.google.firebase:firebase-auth:23.1.0] AndroidManifest.xml:36:25-66
114
115                <category android:name="android.intent.category.DEFAULT" />
115-->[com.google.firebase:firebase-auth:23.1.0] AndroidManifest.xml:38:17-76
115-->[com.google.firebase:firebase-auth:23.1.0] AndroidManifest.xml:38:27-73
116                <category android:name="android.intent.category.BROWSABLE" />
116-->[com.google.firebase:firebase-auth:23.1.0] AndroidManifest.xml:39:17-78
116-->[com.google.firebase:firebase-auth:23.1.0] AndroidManifest.xml:39:27-75
117
118                <data
118-->[com.google.firebase:firebase-auth:23.1.0] AndroidManifest.xml:41:17-44:51
119                    android:host="firebase.auth"
119-->[com.google.firebase:firebase-auth:23.1.0] AndroidManifest.xml:42:21-49
120                    android:path="/"
120-->[com.google.firebase:firebase-auth:23.1.0] AndroidManifest.xml:43:21-37
121                    android:scheme="recaptcha" />
121-->[com.google.firebase:firebase-auth:23.1.0] AndroidManifest.xml:44:21-48
122            </intent-filter>
123        </activity>
124
125        <service
125-->[androidx.credentials:credentials-play-services-auth:1.2.0-rc01] AndroidManifest.xml:24:9-32:19
126            android:name="androidx.credentials.playservices.CredentialProviderMetadataHolder"
126-->[androidx.credentials:credentials-play-services-auth:1.2.0-rc01] AndroidManifest.xml:25:13-94
127            android:enabled="true"
127-->[androidx.credentials:credentials-play-services-auth:1.2.0-rc01] AndroidManifest.xml:26:13-35
128            android:exported="false" >
128-->[androidx.credentials:credentials-play-services-auth:1.2.0-rc01] AndroidManifest.xml:27:13-37
129            <meta-data
129-->[androidx.credentials:credentials-play-services-auth:1.2.0-rc01] AndroidManifest.xml:29:13-31:104
130                android:name="androidx.credentials.CREDENTIAL_PROVIDER_KEY"
130-->[androidx.credentials:credentials-play-services-auth:1.2.0-rc01] AndroidManifest.xml:30:17-76
131                android:value="androidx.credentials.playservices.CredentialProviderPlayServicesImpl" />
131-->[androidx.credentials:credentials-play-services-auth:1.2.0-rc01] AndroidManifest.xml:31:17-101
132        </service>
133
134        <activity
134-->[androidx.credentials:credentials-play-services-auth:1.2.0-rc01] AndroidManifest.xml:34:9-41:20
135            android:name="androidx.credentials.playservices.HiddenActivity"
135-->[androidx.credentials:credentials-play-services-auth:1.2.0-rc01] AndroidManifest.xml:35:13-76
136            android:configChanges="orientation|screenSize|screenLayout|keyboardHidden"
136-->[androidx.credentials:credentials-play-services-auth:1.2.0-rc01] AndroidManifest.xml:36:13-87
137            android:enabled="true"
137-->[androidx.credentials:credentials-play-services-auth:1.2.0-rc01] AndroidManifest.xml:37:13-35
138            android:exported="false"
138-->[androidx.credentials:credentials-play-services-auth:1.2.0-rc01] AndroidManifest.xml:38:13-37
139            android:fitsSystemWindows="true"
139-->[androidx.credentials:credentials-play-services-auth:1.2.0-rc01] AndroidManifest.xml:39:13-45
140            android:theme="@style/Theme.Hidden" >
140-->[androidx.credentials:credentials-play-services-auth:1.2.0-rc01] AndroidManifest.xml:40:13-48
141        </activity>
142        <activity
142-->[com.google.android.gms:play-services-auth:20.7.0] AndroidManifest.xml:23:9-27:75
143            android:name="com.google.android.gms.auth.api.signin.internal.SignInHubActivity"
143-->[com.google.android.gms:play-services-auth:20.7.0] AndroidManifest.xml:24:13-93
144            android:excludeFromRecents="true"
144-->[com.google.android.gms:play-services-auth:20.7.0] AndroidManifest.xml:25:13-46
145            android:exported="false"
145-->[com.google.android.gms:play-services-auth:20.7.0] AndroidManifest.xml:26:13-37
146            android:theme="@android:style/Theme.Translucent.NoTitleBar" />
146-->[com.google.android.gms:play-services-auth:20.7.0] AndroidManifest.xml:27:13-72
147        <!--
148            Service handling Google Sign-In user revocation. For apps that do not integrate with
149            Google Sign-In, this service will never be started.
150        -->
151        <service
151-->[com.google.android.gms:play-services-auth:20.7.0] AndroidManifest.xml:33:9-37:51
152            android:name="com.google.android.gms.auth.api.signin.RevocationBoundService"
152-->[com.google.android.gms:play-services-auth:20.7.0] AndroidManifest.xml:34:13-89
153            android:exported="true"
153-->[com.google.android.gms:play-services-auth:20.7.0] AndroidManifest.xml:35:13-36
154            android:permission="com.google.android.gms.auth.api.signin.permission.REVOCATION_NOTIFICATION"
154-->[com.google.android.gms:play-services-auth:20.7.0] AndroidManifest.xml:36:13-107
155            android:visibleToInstantApps="true" />
155-->[com.google.android.gms:play-services-auth:20.7.0] AndroidManifest.xml:37:13-48
156
157        <activity
157-->[com.google.android.gms:play-services-base:18.0.1] AndroidManifest.xml:20:9-22:45
158            android:name="com.google.android.gms.common.api.GoogleApiActivity"
158-->[com.google.android.gms:play-services-base:18.0.1] AndroidManifest.xml:20:19-85
159            android:exported="false"
159-->[com.google.android.gms:play-services-base:18.0.1] AndroidManifest.xml:22:19-43
160            android:theme="@android:style/Theme.Translucent.NoTitleBar" />
160-->[com.google.android.gms:play-services-base:18.0.1] AndroidManifest.xml:21:19-78
161
162        <provider
162-->[com.google.firebase:firebase-common:21.0.0] AndroidManifest.xml:23:9-28:39
163            android:name="com.google.firebase.provider.FirebaseInitProvider"
163-->[com.google.firebase:firebase-common:21.0.0] AndroidManifest.xml:24:13-77
164            android:authorities="com.example.challengeme.firebaseinitprovider"
164-->[com.google.firebase:firebase-common:21.0.0] AndroidManifest.xml:25:13-72
165            android:directBootAware="true"
165-->[com.google.firebase:firebase-common:21.0.0] AndroidManifest.xml:26:13-43
166            android:exported="false"
166-->[com.google.firebase:firebase-common:21.0.0] AndroidManifest.xml:27:13-37
167            android:initOrder="100" />
167-->[com.google.firebase:firebase-common:21.0.0] AndroidManifest.xml:28:13-36
168
169        <activity
169-->[androidx.compose.ui:ui-test-manifest:1.7.2] AndroidManifest.xml:23:9-25:39
170            android:name="androidx.activity.ComponentActivity"
170-->[androidx.compose.ui:ui-test-manifest:1.7.2] AndroidManifest.xml:24:13-63
171            android:exported="true" />
171-->[androidx.compose.ui:ui-test-manifest:1.7.2] AndroidManifest.xml:25:13-36
172        <activity
172-->[androidx.compose.ui:ui-tooling-android:1.7.2] AndroidManifest.xml:23:9-25:39
173            android:name="androidx.compose.ui.tooling.PreviewActivity"
173-->[androidx.compose.ui:ui-tooling-android:1.7.2] AndroidManifest.xml:24:13-71
174            android:exported="true" />
174-->[androidx.compose.ui:ui-tooling-android:1.7.2] AndroidManifest.xml:25:13-36
175
176        <provider
176-->[androidx.emoji2:emoji2:1.3.0] AndroidManifest.xml:24:9-32:20
177            android:name="androidx.startup.InitializationProvider"
177-->[androidx.emoji2:emoji2:1.3.0] AndroidManifest.xml:25:13-67
178            android:authorities="com.example.challengeme.androidx-startup"
178-->[androidx.emoji2:emoji2:1.3.0] AndroidManifest.xml:26:13-68
179            android:exported="false" >
179-->[androidx.emoji2:emoji2:1.3.0] AndroidManifest.xml:27:13-37
180            <meta-data
180-->[androidx.emoji2:emoji2:1.3.0] AndroidManifest.xml:29:13-31:52
181                android:name="androidx.emoji2.text.EmojiCompatInitializer"
181-->[androidx.emoji2:emoji2:1.3.0] AndroidManifest.xml:30:17-75
182                android:value="androidx.startup" />
182-->[androidx.emoji2:emoji2:1.3.0] AndroidManifest.xml:31:17-49
183            <meta-data
183-->[androidx.lifecycle:lifecycle-process:2.9.0-alpha07] AndroidManifest.xml:29:13-31:52
184                android:name="androidx.lifecycle.ProcessLifecycleInitializer"
184-->[androidx.lifecycle:lifecycle-process:2.9.0-alpha07] AndroidManifest.xml:30:17-78
185                android:value="androidx.startup" />
185-->[androidx.lifecycle:lifecycle-process:2.9.0-alpha07] AndroidManifest.xml:31:17-49
186            <meta-data
186-->[androidx.profileinstaller:profileinstaller:1.4.0] AndroidManifest.xml:29:13-31:52
187                android:name="androidx.profileinstaller.ProfileInstallerInitializer"
187-->[androidx.profileinstaller:profileinstaller:1.4.0] AndroidManifest.xml:30:17-85
188                android:value="androidx.startup" />
188-->[androidx.profileinstaller:profileinstaller:1.4.0] AndroidManifest.xml:31:17-49
189        </provider>
190
191        <meta-data
191-->[com.google.android.gms:play-services-basement:18.4.0] AndroidManifest.xml:6:9-122
192            android:name="com.google.android.gms.version"
192-->[com.google.android.gms:play-services-basement:18.4.0] AndroidManifest.xml:6:20-65
193            android:value="@integer/google_play_services_version" />
193-->[com.google.android.gms:play-services-basement:18.4.0] AndroidManifest.xml:6:66-119
194
195        <receiver
195-->[androidx.profileinstaller:profileinstaller:1.4.0] AndroidManifest.xml:34:9-52:20
196            android:name="androidx.profileinstaller.ProfileInstallReceiver"
196-->[androidx.profileinstaller:profileinstaller:1.4.0] AndroidManifest.xml:35:13-76
197            android:directBootAware="false"
197-->[androidx.profileinstaller:profileinstaller:1.4.0] AndroidManifest.xml:36:13-44
198            android:enabled="true"
198-->[androidx.profileinstaller:profileinstaller:1.4.0] AndroidManifest.xml:37:13-35
199            android:exported="true"
199-->[androidx.profileinstaller:profileinstaller:1.4.0] AndroidManifest.xml:38:13-36
200            android:permission="android.permission.DUMP" >
200-->[androidx.profileinstaller:profileinstaller:1.4.0] AndroidManifest.xml:39:13-57
201            <intent-filter>
201-->[androidx.profileinstaller:profileinstaller:1.4.0] AndroidManifest.xml:40:13-42:29
202                <action android:name="androidx.profileinstaller.action.INSTALL_PROFILE" />
202-->[androidx.profileinstaller:profileinstaller:1.4.0] AndroidManifest.xml:41:17-91
202-->[androidx.profileinstaller:profileinstaller:1.4.0] AndroidManifest.xml:41:25-88
203            </intent-filter>
204            <intent-filter>
204-->[androidx.profileinstaller:profileinstaller:1.4.0] AndroidManifest.xml:43:13-45:29
205                <action android:name="androidx.profileinstaller.action.SKIP_FILE" />
205-->[androidx.profileinstaller:profileinstaller:1.4.0] AndroidManifest.xml:44:17-85
205-->[androidx.profileinstaller:profileinstaller:1.4.0] AndroidManifest.xml:44:25-82
206            </intent-filter>
207            <intent-filter>
207-->[androidx.profileinstaller:profileinstaller:1.4.0] AndroidManifest.xml:46:13-48:29
208                <action android:name="androidx.profileinstaller.action.SAVE_PROFILE" />
208-->[androidx.profileinstaller:profileinstaller:1.4.0] AndroidManifest.xml:47:17-88
208-->[androidx.profileinstaller:profileinstaller:1.4.0] AndroidManifest.xml:47:25-85
209            </intent-filter>
210            <intent-filter>
210-->[androidx.profileinstaller:profileinstaller:1.4.0] AndroidManifest.xml:49:13-51:29
211                <action android:name="androidx.profileinstaller.action.BENCHMARK_OPERATION" />
211-->[androidx.profileinstaller:profileinstaller:1.4.0] AndroidManifest.xml:50:17-95
211-->[androidx.profileinstaller:profileinstaller:1.4.0] AndroidManifest.xml:50:25-92
212            </intent-filter>
213        </receiver> <!-- The activities will be merged into the manifest of the hosting app. -->
214        <activity
214-->[com.google.android.play:core-common:2.0.3] AndroidManifest.xml:14:9-18:65
215            android:name="com.google.android.play.core.common.PlayCoreDialogWrapperActivity"
215-->[com.google.android.play:core-common:2.0.3] AndroidManifest.xml:15:13-93
216            android:exported="false"
216-->[com.google.android.play:core-common:2.0.3] AndroidManifest.xml:16:13-37
217            android:stateNotNeeded="true"
217-->[com.google.android.play:core-common:2.0.3] AndroidManifest.xml:17:13-42
218            android:theme="@style/Theme.PlayCore.Transparent" />
218-->[com.google.android.play:core-common:2.0.3] AndroidManifest.xml:18:13-62
219    </application>
220
221</manifest>